<?xml version="1.0" encoding="UTF-8"?>
<!-- Generated by org.testng.reporters.JUnitXMLReporter -->
<testsuite ignored="0" hostname="DESKTOP-459Q61M" failures="0" tests="3" name="RegressionTest" time="7.982" errors="0" timestamp="2022-08-28T23:50:06 EET">
  <testcase classname="tests.UserRegistrationTest" name="userreister" time="4.413"/>
  <testcase classname="tests.UserRegistrationTest" name="clickonlogoutbutton" time="1.117"/>
  <testcase classname="tests.UserRegistrationTest" name="loginprocess" time="2.377"/>
</testsuite> <!-- RegressionTest -->
