<?xml version="1.0" encoding="UTF-8"?>
<testng-results ignored="0" total="3" passed="3" failed="0" skipped="0">
  <reporter-output>
  </reporter-output>
  <suite started-at="2022-09-15T22:45:59 EET" name="nopcommerce" finished-at="2022-09-15T22:46:06 EET" duration-ms="7322">
    <groups>
    </groups>
    <test started-at="2022-09-15T22:45:59 EET" name="RegressionTest" finished-at="2022-09-15T22:46:06 EET" duration-ms="7322">
      <class name="tests.UserRegistrationTest">
        <test-method is-config="true" signature="startDriver(java.lang.String)[pri:0, instance:tests.UserRegistrationTest@3427b02d]" started-at="2022-09-15T22:45:53 EET" name="startDriver" finished-at="2022-09-15T22:45:59 EET" duration-ms="6200" status="PASS">
          <params>
            <param index="0">
              <value>
                <![CDATA[chrome]]>
              </value>
            </param>
          </params>
          <reporter-output>
          </reporter-output>
        </test-method> <!-- startDriver -->
        <test-method signature="userreister()[pri:1, instance:tests.UserRegistrationTest@3427b02d]" started-at="2022-09-15T22:45:59 EET" name="userreister" finished-at="2022-09-15T22:46:03 EET" duration-ms="4075" status="PASS">
          <reporter-output>
          </reporter-output>
        </test-method> <!-- userreister -->
        <test-method is-config="true" signature="takescreenshot(org.testng.ITestResult)[pri:0, instance:tests.UserRegistrationTest@3427b02d]" started-at="2022-09-15T22:46:03 EET" name="takescreenshot" finished-at="2022-09-15T22:46:03 EET" duration-ms="3" status="PASS">
          <params>
            <param index="0">
              <value>
                <![CDATA[[TestResult name=userreister status=SUCCESS method=UserRegistrationTest.userreister()[pri:1, instance:tests.UserRegistrationTest@3427b02d] output={null}]]]>
              </value>
            </param>
          </params>
          <reporter-output>
          </reporter-output>
        </test-method> <!-- takescreenshot -->
        <test-method signature="clickonlogoutbutton()[pri:0, instance:tests.UserRegistrationTest@3427b02d]" started-at="2022-09-15T22:46:03 EET" name="clickonlogoutbutton" finished-at="2022-09-15T22:46:04 EET" depends-on-methods="tests.UserRegistrationTest.userreister" duration-ms="966" status="PASS">
          <reporter-output>
          </reporter-output>
        </test-method> <!-- clickonlogoutbutton -->
        <test-method is-config="true" signature="takescreenshot(org.testng.ITestResult)[pri:0, instance:tests.UserRegistrationTest@3427b02d]" started-at="2022-09-15T22:46:04 EET" name="takescreenshot" finished-at="2022-09-15T22:46:04 EET" duration-ms="0" status="PASS">
          <params>
            <param index="0">
              <value>
                <![CDATA[[TestResult name=clickonlogoutbutton status=SUCCESS method=UserRegistrationTest.clickonlogoutbutton()[pri:0, instance:tests.UserRegistrationTest@3427b02d] output={null}]]]>
              </value>
            </param>
          </params>
          <reporter-output>
          </reporter-output>
        </test-method> <!-- takescreenshot -->
        <test-method signature="loginprocess()[pri:0, instance:tests.UserRegistrationTest@3427b02d]" started-at="2022-09-15T22:46:04 EET" name="loginprocess" finished-at="2022-09-15T22:46:06 EET" depends-on-methods="tests.UserRegistrationTest.clickonlogoutbutton" duration-ms="2230" status="PASS">
          <reporter-output>
          </reporter-output>
        </test-method> <!-- loginprocess -->
        <test-method is-config="true" signature="takescreenshot(org.testng.ITestResult)[pri:0, instance:tests.UserRegistrationTest@3427b02d]" started-at="2022-09-15T22:46:06 EET" name="takescreenshot" finished-at="2022-09-15T22:46:06 EET" duration-ms="1" status="PASS">
          <params>
            <param index="0">
              <value>
                <![CDATA[[TestResult name=loginprocess status=SUCCESS method=UserRegistrationTest.loginprocess()[pri:0, instance:tests.UserRegistrationTest@3427b02d] output={null}]]]>
              </value>
            </param>
          </params>
          <reporter-output>
          </reporter-output>
        </test-method> <!-- takescreenshot -->
        <test-method is-config="true" signature="closeDriver()[pri:0, instance:tests.UserRegistrationTest@3427b02d]" started-at="2022-09-15T22:46:06 EET" name="closeDriver" finished-at="2022-09-15T22:46:07 EET" duration-ms="192" status="PASS">
          <reporter-output>
          </reporter-output>
        </test-method> <!-- closeDriver -->
      </class> <!-- tests.UserRegistrationTest -->
    </test> <!-- RegressionTest -->
  </suite> <!-- nopcommerce -->
</testng-results>
