<?xml version="1.0" encoding="UTF-8"?>
<!-- Generated by org.testng.reporters.JUnitXMLReporter -->
<testsuite ignored="0" hostname="DESKTOP-459Q61M" failures="0" tests="3" name="RegressionTest" time="7.322" errors="0" timestamp="2022-09-15T22:46:06 EET">
  <testcase classname="tests.UserRegistrationTest" name="userreister" time="4.075"/>
  <testcase classname="tests.UserRegistrationTest" name="clickonlogoutbutton" time="0.966"/>
  <testcase classname="tests.UserRegistrationTest" name="loginprocess" time="2.23"/>
</testsuite> <!-- RegressionTest -->
